Namespace(data_path='/scratch/work/public/imagenet/train', vqconfig_path='/scratch/eo41/visual-recognition-memory/vqgan_pretrained_models/imagenet_16x16_16384.yaml', vqmodel_path='/scratch/eo41/visual-recognition-memory/vqgan_pretrained_models/imagenet_16x16_16384.ckpt', num_workers=4, seed=0, save_dir='/scratch/eo41/visual-recognition-memory/gpt_pretrained_models', n_layer=48, n_head=25, n_embd=1600, vocab_size=16384, block_size=255, batch_size=24, print_freq=5000, lr=0.0003, optimizer='Adam', resume='', gpu=None, world_size=-1, rank=-1, dist_url='env://', dist_backend='nccl', local_rank=-1)
Namespace(data_path='/scratch/work/public/imagenet/train', vqconfig_path='/scratch/eo41/visual-recognition-memory/vqgan_pretrained_models/imagenet_16x16_16384.yaml', vqmodel_path='/scratch/eo41/visual-recognition-memory/vqgan_pretrained_models/imagenet_16x16_16384.ckpt', num_workers=4, seed=0, save_dir='/scratch/eo41/visual-recognition-memory/gpt_pretrained_models', n_layer=48, n_head=25, n_embd=1600, vocab_size=16384, block_size=255, batch_size=24, print_freq=5000, lr=0.0003, optimizer='Adam', resume='', gpu=None, world_size=-1, rank=-1, dist_url='env://', dist_backend='nccl', local_rank=-1)
Namespace(data_path='/scratch/work/public/imagenet/train', vqconfig_path='/scratch/eo41/visual-recognition-memory/vqgan_pretrained_models/imagenet_16x16_16384.yaml', vqmodel_path='/scratch/eo41/visual-recognition-memory/vqgan_pretrained_models/imagenet_16x16_16384.ckpt', num_workers=4, seed=0, save_dir='/scratch/eo41/visual-recognition-memory/gpt_pretrained_models', n_layer=48, n_head=25, n_embd=1600, vocab_size=16384, block_size=255, batch_size=24, print_freq=5000, lr=0.0003, optimizer='Adam', resume='', gpu=None, world_size=-1, rank=-1, dist_url='env://', dist_backend='nccl', local_rank=-1)
Namespace(data_path='/scratch/work/public/imagenet/train', vqconfig_path='/scratch/eo41/visual-recognition-memory/vqgan_pretrained_models/imagenet_16x16_16384.yaml', vqmodel_path='/scratch/eo41/visual-recognition-memory/vqgan_pretrained_models/imagenet_16x16_16384.ckpt', num_workers=4, seed=0, save_dir='/scratch/eo41/visual-recognition-memory/gpt_pretrained_models', n_layer=48, n_head=25, n_embd=1600, vocab_size=16384, block_size=255, batch_size=24, print_freq=5000, lr=0.0003, optimizer='Adam', resume='', gpu=None, world_size=-1, rank=-1, dist_url='env://', dist_backend='nccl', local_rank=-1)
Running on 4 GPUs total
model:
  base_learning_rate: 4.5e-06
  params:
    ddconfig:
      attn_resolutions:
      - 16
      ch: 128
      ch_mult:
      - 1
      - 1
      - 2
      - 2
      - 4
      double_z: false
      dropout: 0.0
      in_channels: 3
      num_res_blocks: 2
      out_ch: 3
      resolution: 256
      z_channels: 256
    embed_dim: 256
    lossconfig:
      params:
        codebook_weight: 1.0
        disc_conditional: false
        disc_in_channels: 3
        disc_num_layers: 2
        disc_start: 0
        disc_weight: 0.75
      target: vqloss.VQLPIPSWithDiscriminator
    monitor: val/rec_loss
    n_embed: 16384
  target: vqmodel.VQModel

Working with z of shape (1, 256, 16, 16) = 65536 dimensions.
loaded pretrained LPIPS loss from taming/modules/autoencoder/lpips/vgg.pth
VQLPIPSWithDiscriminator running with hinge loss.
Loaded VQ encoder.
Data loaded: dataset contains 1281167 images, and takes 13346 training iterations per epoch.
Number of parameters: 1528398400
=> no checkpoint loaded, will train from scratch
/scratch/eo41/miniconda3/lib/python3.9/site-packages/torch/nn/_reduction.py:42: UserWarning: size_average and reduce args will be deprecated, please use reduction='none' instead.
  warnings.warn(warning.format(ret))
/scratch/eo41/miniconda3/lib/python3.9/site-packages/torch/nn/_reduction.py:42: UserWarning: size_average and reduce args will be deprecated, please use reduction='none' instead.
  warnings.warn(warning.format(ret))
/scratch/eo41/miniconda3/lib/python3.9/site-packages/torch/nn/_reduction.py:42: UserWarning: size_average and reduce args will be deprecated, please use reduction='none' instead.
  warnings.warn(warning.format(ret))
/scratch/eo41/miniconda3/lib/python3.9/site-packages/torch/nn/_reduction.py:42: UserWarning: size_average and reduce args will be deprecated, please use reduction='none' instead.
  warnings.warn(warning.format(ret))
Iteration: 0 | Training loss: 10.024942398071289
Saving model to: /scratch/eo41/visual-recognition-memory/gpt_pretrained_models/model_0_48l_25h_1600e_96b_0.0003lr_Adamo_0s.pt
Iteration: 5000 | Training loss: 6.3919208889961245
Saving model to: /scratch/eo41/visual-recognition-memory/gpt_pretrained_models/model_5000_48l_25h_1600e_96b_0.0003lr_Adamo_0s.pt
Iteration: 10000 | Training loss: 5.95506620092392
Saving model to: /scratch/eo41/visual-recognition-memory/gpt_pretrained_models/model_10000_48l_25h_1600e_96b_0.0003lr_Adamo_0s.pt
Iteration: 15000 | Training loss: 5.7965624147415165
Saving model to: /scratch/eo41/visual-recognition-memory/gpt_pretrained_models/model_15000_48l_25h_1600e_96b_0.0003lr_Adamo_0s.pt
Iteration: 20000 | Training loss: 5.724998935699463
Saving model to: /scratch/eo41/visual-recognition-memory/gpt_pretrained_models/model_20000_48l_25h_1600e_96b_0.0003lr_Adamo_0s.pt
Iteration: 25000 | Training loss: 5.677417735862732
Saving model to: /scratch/eo41/visual-recognition-memory/gpt_pretrained_models/model_25000_48l_25h_1600e_96b_0.0003lr_Adamo_0s.pt
Iteration: 30000 | Training loss: 5.644224024677277
Saving model to: /scratch/eo41/visual-recognition-memory/gpt_pretrained_models/model_30000_48l_25h_1600e_96b_0.0003lr_Adamo_0s.pt
Iteration: 35000 | Training loss: 5.618310023498535
Saving model to: /scratch/eo41/visual-recognition-memory/gpt_pretrained_models/model_35000_48l_25h_1600e_96b_0.0003lr_Adamo_0s.pt
Iteration: 40000 | Training loss: 5.595035466766357
Saving model to: /scratch/eo41/visual-recognition-memory/gpt_pretrained_models/model_40000_48l_25h_1600e_96b_0.0003lr_Adamo_0s.pt
Iteration: 45000 | Training loss: 5.578329812908173
Saving model to: /scratch/eo41/visual-recognition-memory/gpt_pretrained_models/model_45000_48l_25h_1600e_96b_0.0003lr_Adamo_0s.pt
Iteration: 50000 | Training loss: 5.561973052501679
Saving model to: /scratch/eo41/visual-recognition-memory/gpt_pretrained_models/model_50000_48l_25h_1600e_96b_0.0003lr_Adamo_0s.pt
Iteration: 55000 | Training loss: 5.545733464145661
Saving model to: /scratch/eo41/visual-recognition-memory/gpt_pretrained_models/model_55000_48l_25h_1600e_96b_0.0003lr_Adamo_0s.pt
Iteration: 60000 | Training loss: 5.5349701972961425
Saving model to: /scratch/eo41/visual-recognition-memory/gpt_pretrained_models/model_60000_48l_25h_1600e_96b_0.0003lr_Adamo_0s.pt
Iteration: 65000 | Training loss: 5.521922499084472
Saving model to: /scratch/eo41/visual-recognition-memory/gpt_pretrained_models/model_65000_48l_25h_1600e_96b_0.0003lr_Adamo_0s.pt
Iteration: 70000 | Training loss: 5.5121885434150695
Saving model to: /scratch/eo41/visual-recognition-memory/gpt_pretrained_models/model_70000_48l_25h_1600e_96b_0.0003lr_Adamo_0s.pt
Iteration: 75000 | Training loss: 5.502635932159424
Saving model to: /scratch/eo41/visual-recognition-memory/gpt_pretrained_models/model_75000_48l_25h_1600e_96b_0.0003lr_Adamo_0s.pt
Iteration: 80000 | Training loss: 5.4921679056167605
Saving model to: /scratch/eo41/visual-recognition-memory/gpt_pretrained_models/model_80000_48l_25h_1600e_96b_0.0003lr_Adamo_0s.pt
Iteration: 85000 | Training loss: 5.48612321510315
Saving model to: /scratch/eo41/visual-recognition-memory/gpt_pretrained_models/model_85000_48l_25h_1600e_96b_0.0003lr_Adamo_0s.pt
Iteration: 90000 | Training loss: 5.477315447521209
Saving model to: /scratch/eo41/visual-recognition-memory/gpt_pretrained_models/model_90000_48l_25h_1600e_96b_0.0003lr_Adamo_0s.pt
Iteration: 95000 | Training loss: 5.467184116840363
Saving model to: /scratch/eo41/visual-recognition-memory/gpt_pretrained_models/model_95000_48l_25h_1600e_96b_0.0003lr_Adamo_0s.pt
Iteration: 100000 | Training loss: 5.4631412735939024
Saving model to: /scratch/eo41/visual-recognition-memory/gpt_pretrained_models/model_100000_48l_25h_1600e_96b_0.0003lr_Adamo_0s.pt
Iteration: 105000 | Training loss: 5.45469813709259
Saving model to: /scratch/eo41/visual-recognition-memory/gpt_pretrained_models/model_105000_48l_25h_1600e_96b_0.0003lr_Adamo_0s.pt
Iteration: 110000 | Training loss: 5.449529579162598
Saving model to: /scratch/eo41/visual-recognition-memory/gpt_pretrained_models/model_110000_48l_25h_1600e_96b_0.0003lr_Adamo_0s.pt
Iteration: 115000 | Training loss: 5.443695293998719
Saving model to: /scratch/eo41/visual-recognition-memory/gpt_pretrained_models/model_115000_48l_25h_1600e_96b_0.0003lr_Adamo_0s.pt
Iteration: 120000 | Training loss: 5.436479499340058
Saving model to: /scratch/eo41/visual-recognition-memory/gpt_pretrained_models/model_120000_48l_25h_1600e_96b_0.0003lr_Adamo_0s.pt
Iteration: 125000 | Training loss: 5.432305002593994
Saving model to: /scratch/eo41/visual-recognition-memory/gpt_pretrained_models/model_125000_48l_25h_1600e_96b_0.0003lr_Adamo_0s.pt
Iteration: 130000 | Training loss: 5.427580879974365
Saving model to: /scratch/eo41/visual-recognition-memory/gpt_pretrained_models/model_130000_48l_25h_1600e_96b_0.0003lr_Adamo_0s.pt
Iteration: 135000 | Training loss: 5.419683542633057
Saving model to: /scratch/eo41/visual-recognition-memory/gpt_pretrained_models/model_135000_48l_25h_1600e_96b_0.0003lr_Adamo_0s.pt
Iteration: 140000 | Training loss: 5.417031305599212
Saving model to: /scratch/eo41/visual-recognition-memory/gpt_pretrained_models/model_140000_48l_25h_1600e_96b_0.0003lr_Adamo_0s.pt
Iteration: 145000 | Training loss: 5.411625212097168
Saving model to: /scratch/eo41/visual-recognition-memory/gpt_pretrained_models/model_145000_48l_25h_1600e_96b_0.0003lr_Adamo_0s.pt
Iteration: 150000 | Training loss: 5.406326901340485
Saving model to: /scratch/eo41/visual-recognition-memory/gpt_pretrained_models/model_150000_48l_25h_1600e_96b_0.0003lr_Adamo_0s.pt
Iteration: 155000 | Training loss: 5.403099772930145
Saving model to: /scratch/eo41/visual-recognition-memory/gpt_pretrained_models/model_155000_48l_25h_1600e_96b_0.0003lr_Adamo_0s.pt
Iteration: 160000 | Training loss: 5.397508603191376
Saving model to: /scratch/eo41/visual-recognition-memory/gpt_pretrained_models/model_160000_48l_25h_1600e_96b_0.0003lr_Adamo_0s.pt
srun: Job step aborted: Waiting up to 32 seconds for job step to finish.
slurmstepd: error: *** JOB 24393667 ON ga001 CANCELLED AT 2022-09-05T02:45:42 ***
slurmstepd: error: *** STEP 24393667.0 ON ga001 CANCELLED AT 2022-09-05T02:45:42 ***
