Namespace(data_path='/scratch/work/public/imagenet/train', vqconfig_path='/scratch/eo41/visual-recognition-memory/vqgan_pretrained_models/imagenet_16x16_16384.yaml', vqmodel_path='/scratch/eo41/visual-recognition-memory/vqgan_pretrained_models/imagenet_16x16_16384.ckpt', num_workers=4, seed=0, save_dir='/scratch/eo41/visual-recognition-memory/gpt_pretrained_models', n_layer=12, n_head=12, n_embd=768, vocab_size=16384, block_size=255, batch_size=192, print_freq=5000, lr=0.0003, optimizer='Adam', resume='', gpu=None, world_size=-1, rank=-1, dist_url='env://', dist_backend='nccl', local_rank=-1)
Namespace(data_path='/scratch/work/public/imagenet/train', vqconfig_path='/scratch/eo41/visual-recognition-memory/vqgan_pretrained_models/imagenet_16x16_16384.yaml', vqmodel_path='/scratch/eo41/visual-recognition-memory/vqgan_pretrained_models/imagenet_16x16_16384.ckpt', num_workers=4, seed=0, save_dir='/scratch/eo41/visual-recognition-memory/gpt_pretrained_models', n_layer=12, n_head=12, n_embd=768, vocab_size=16384, block_size=255, batch_size=192, print_freq=5000, lr=0.0003, optimizer='Adam', resume='', gpu=None, world_size=-1, rank=-1, dist_url='env://', dist_backend='nccl', local_rank=-1)
Namespace(data_path='/scratch/work/public/imagenet/train', vqconfig_path='/scratch/eo41/visual-recognition-memory/vqgan_pretrained_models/imagenet_16x16_16384.yaml', vqmodel_path='/scratch/eo41/visual-recognition-memory/vqgan_pretrained_models/imagenet_16x16_16384.ckpt', num_workers=4, seed=0, save_dir='/scratch/eo41/visual-recognition-memory/gpt_pretrained_models', n_layer=12, n_head=12, n_embd=768, vocab_size=16384, block_size=255, batch_size=192, print_freq=5000, lr=0.0003, optimizer='Adam', resume='', gpu=None, world_size=-1, rank=-1, dist_url='env://', dist_backend='nccl', local_rank=-1)
Namespace(data_path='/scratch/work/public/imagenet/train', vqconfig_path='/scratch/eo41/visual-recognition-memory/vqgan_pretrained_models/imagenet_16x16_16384.yaml', vqmodel_path='/scratch/eo41/visual-recognition-memory/vqgan_pretrained_models/imagenet_16x16_16384.ckpt', num_workers=4, seed=0, save_dir='/scratch/eo41/visual-recognition-memory/gpt_pretrained_models', n_layer=12, n_head=12, n_embd=768, vocab_size=16384, block_size=255, batch_size=192, print_freq=5000, lr=0.0003, optimizer='Adam', resume='', gpu=None, world_size=-1, rank=-1, dist_url='env://', dist_backend='nccl', local_rank=-1)
Running on 4 GPUs total
model:
  base_learning_rate: 4.5e-06
  params:
    ddconfig:
      attn_resolutions:
      - 16
      ch: 128
      ch_mult:
      - 1
      - 1
      - 2
      - 2
      - 4
      double_z: false
      dropout: 0.0
      in_channels: 3
      num_res_blocks: 2
      out_ch: 3
      resolution: 256
      z_channels: 256
    embed_dim: 256
    lossconfig:
      params:
        codebook_weight: 1.0
        disc_conditional: false
        disc_in_channels: 3
        disc_num_layers: 2
        disc_start: 0
        disc_weight: 0.75
      target: vqloss.VQLPIPSWithDiscriminator
    monitor: val/rec_loss
    n_embed: 16384
  target: vqmodel.VQModel

Working with z of shape (1, 256, 16, 16) = 65536 dimensions.
loaded pretrained LPIPS loss from taming/modules/autoencoder/lpips/vgg.pth
VQLPIPSWithDiscriminator running with hinge loss.
Loaded VQ encoder.
Data loaded: dataset contains 1281167 images, and takes 1669 training iterations per epoch.
Number of parameters: 110417664
=> no checkpoint loaded, will train from scratch
/scratch/eo41/miniconda3/lib/python3.9/site-packages/torch/nn/_reduction.py:42: UserWarning: size_average and reduce args will be deprecated, please use reduction='none' instead.
  warnings.warn(warning.format(ret))
/scratch/eo41/miniconda3/lib/python3.9/site-packages/torch/nn/_reduction.py:42: UserWarning: size_average and reduce args will be deprecated, please use reduction='none' instead.
  warnings.warn(warning.format(ret))
/scratch/eo41/miniconda3/lib/python3.9/site-packages/torch/nn/_reduction.py:42: UserWarning: size_average and reduce args will be deprecated, please use reduction='none' instead.
  warnings.warn(warning.format(ret))
/scratch/eo41/miniconda3/lib/python3.9/site-packages/torch/nn/_reduction.py:42: UserWarning: size_average and reduce args will be deprecated, please use reduction='none' instead.
  warnings.warn(warning.format(ret))
Iteration: 0 | Training loss: 9.861983299255371
Saving model to: /scratch/eo41/visual-recognition-memory/gpt_pretrained_models/model_0_12l_12h_768e_768b_0.0003lr_Adamo_0s.pt
Iteration: 5000 | Training loss: 5.972818173885345
Saving model to: /scratch/eo41/visual-recognition-memory/gpt_pretrained_models/model_5000_12l_12h_768e_768b_0.0003lr_Adamo_0s.pt
Iteration: 10000 | Training loss: 5.721631736564636
Saving model to: /scratch/eo41/visual-recognition-memory/gpt_pretrained_models/model_10000_12l_12h_768e_768b_0.0003lr_Adamo_0s.pt
Iteration: 15000 | Training loss: 5.661325548171997
Saving model to: /scratch/eo41/visual-recognition-memory/gpt_pretrained_models/model_15000_12l_12h_768e_768b_0.0003lr_Adamo_0s.pt
Iteration: 20000 | Training loss: 5.626524428653717
Saving model to: /scratch/eo41/visual-recognition-memory/gpt_pretrained_models/model_20000_12l_12h_768e_768b_0.0003lr_Adamo_0s.pt
Iteration: 25000 | Training loss: 5.6027238896369935
Saving model to: /scratch/eo41/visual-recognition-memory/gpt_pretrained_models/model_25000_12l_12h_768e_768b_0.0003lr_Adamo_0s.pt
Iteration: 30000 | Training loss: 5.585044562530517
Saving model to: /scratch/eo41/visual-recognition-memory/gpt_pretrained_models/model_30000_12l_12h_768e_768b_0.0003lr_Adamo_0s.pt
Iteration: 35000 | Training loss: 5.571232484531403
Saving model to: /scratch/eo41/visual-recognition-memory/gpt_pretrained_models/model_35000_12l_12h_768e_768b_0.0003lr_Adamo_0s.pt
Iteration: 40000 | Training loss: 5.560065425014495
Saving model to: /scratch/eo41/visual-recognition-memory/gpt_pretrained_models/model_40000_12l_12h_768e_768b_0.0003lr_Adamo_0s.pt
Iteration: 45000 | Training loss: 5.550356700801849
Saving model to: /scratch/eo41/visual-recognition-memory/gpt_pretrained_models/model_45000_12l_12h_768e_768b_0.0003lr_Adamo_0s.pt
Iteration: 50000 | Training loss: 5.54238168334961
Saving model to: /scratch/eo41/visual-recognition-memory/gpt_pretrained_models/model_50000_12l_12h_768e_768b_0.0003lr_Adamo_0s.pt
Iteration: 55000 | Training loss: 5.535357977676392
Saving model to: /scratch/eo41/visual-recognition-memory/gpt_pretrained_models/model_55000_12l_12h_768e_768b_0.0003lr_Adamo_0s.pt
Iteration: 60000 | Training loss: 5.529100100326538
Saving model to: /scratch/eo41/visual-recognition-memory/gpt_pretrained_models/model_60000_12l_12h_768e_768b_0.0003lr_Adamo_0s.pt
Iteration: 65000 | Training loss: 5.523694744396209
Saving model to: /scratch/eo41/visual-recognition-memory/gpt_pretrained_models/model_65000_12l_12h_768e_768b_0.0003lr_Adamo_0s.pt
Iteration: 70000 | Training loss: 5.518594414997101
Saving model to: /scratch/eo41/visual-recognition-memory/gpt_pretrained_models/model_70000_12l_12h_768e_768b_0.0003lr_Adamo_0s.pt
Iteration: 75000 | Training loss: 5.51434137802124
Saving model to: /scratch/eo41/visual-recognition-memory/gpt_pretrained_models/model_75000_12l_12h_768e_768b_0.0003lr_Adamo_0s.pt
Iteration: 80000 | Training loss: 5.510135245132446
Saving model to: /scratch/eo41/visual-recognition-memory/gpt_pretrained_models/model_80000_12l_12h_768e_768b_0.0003lr_Adamo_0s.pt
Iteration: 85000 | Training loss: 5.50641369380951
Saving model to: /scratch/eo41/visual-recognition-memory/gpt_pretrained_models/model_85000_12l_12h_768e_768b_0.0003lr_Adamo_0s.pt
Iteration: 90000 | Training loss: 5.502928967857361
Saving model to: /scratch/eo41/visual-recognition-memory/gpt_pretrained_models/model_90000_12l_12h_768e_768b_0.0003lr_Adamo_0s.pt
Iteration: 95000 | Training loss: 5.499736464595794
Saving model to: /scratch/eo41/visual-recognition-memory/gpt_pretrained_models/model_95000_12l_12h_768e_768b_0.0003lr_Adamo_0s.pt
Iteration: 100000 | Training loss: 5.496791042423248
Saving model to: /scratch/eo41/visual-recognition-memory/gpt_pretrained_models/model_100000_12l_12h_768e_768b_0.0003lr_Adamo_0s.pt
Iteration: 105000 | Training loss: 5.4940184993743895
Saving model to: /scratch/eo41/visual-recognition-memory/gpt_pretrained_models/model_105000_12l_12h_768e_768b_0.0003lr_Adamo_0s.pt
Iteration: 110000 | Training loss: 5.491511221694946
Saving model to: /scratch/eo41/visual-recognition-memory/gpt_pretrained_models/model_110000_12l_12h_768e_768b_0.0003lr_Adamo_0s.pt
Iteration: 115000 | Training loss: 5.488847077465057
Saving model to: /scratch/eo41/visual-recognition-memory/gpt_pretrained_models/model_115000_12l_12h_768e_768b_0.0003lr_Adamo_0s.pt
Iteration: 120000 | Training loss: 5.486610038757324
Saving model to: /scratch/eo41/visual-recognition-memory/gpt_pretrained_models/model_120000_12l_12h_768e_768b_0.0003lr_Adamo_0s.pt
Iteration: 125000 | Training loss: 5.484444427394867
Saving model to: /scratch/eo41/visual-recognition-memory/gpt_pretrained_models/model_125000_12l_12h_768e_768b_0.0003lr_Adamo_0s.pt
Iteration: 130000 | Training loss: 5.482382097530365
Saving model to: /scratch/eo41/visual-recognition-memory/gpt_pretrained_models/model_130000_12l_12h_768e_768b_0.0003lr_Adamo_0s.pt
Iteration: 135000 | Training loss: 5.480307344722748
Saving model to: /scratch/eo41/visual-recognition-memory/gpt_pretrained_models/model_135000_12l_12h_768e_768b_0.0003lr_Adamo_0s.pt
srun: Job step aborted: Waiting up to 32 seconds for job step to finish.
slurmstepd: error: *** JOB 24466999 ON ga001 CANCELLED AT 2022-09-07T02:28:57 ***
slurmstepd: error: *** STEP 24466999.0 ON ga001 CANCELLED AT 2022-09-07T02:28:57 ***
