Namespace(data_path='/scratch/work/public/imagenet/train', vqconfig_path='/scratch/eo41/visual-recognition-memory/vqgan_pretrained_models/imagenet_16x16_16384.yaml', vqmodel_path='/scratch/eo41/visual-recognition-memory/vqgan_pretrained_models/imagenet_16x16_16384.ckpt', num_workers=4, seed=0, save_dir='/scratch/eo41/visual-recognition-memory/gpt_pretrained_models', n_layer=24, n_head=16, n_embd=1024, vocab_size=16384, block_size=255, batch_size=96, print_freq=5000, lr=0.0003, optimizer='Adam', resume='', gpu=None, world_size=-1, rank=-1, dist_url='env://', dist_backend='nccl', local_rank=-1)
Namespace(data_path='/scratch/work/public/imagenet/train', vqconfig_path='/scratch/eo41/visual-recognition-memory/vqgan_pretrained_models/imagenet_16x16_16384.yaml', vqmodel_path='/scratch/eo41/visual-recognition-memory/vqgan_pretrained_models/imagenet_16x16_16384.ckpt', num_workers=4, seed=0, save_dir='/scratch/eo41/visual-recognition-memory/gpt_pretrained_models', n_layer=24, n_head=16, n_embd=1024, vocab_size=16384, block_size=255, batch_size=96, print_freq=5000, lr=0.0003, optimizer='Adam', resume='', gpu=None, world_size=-1, rank=-1, dist_url='env://', dist_backend='nccl', local_rank=-1)
Namespace(data_path='/scratch/work/public/imagenet/train', vqconfig_path='/scratch/eo41/visual-recognition-memory/vqgan_pretrained_models/imagenet_16x16_16384.yaml', vqmodel_path='/scratch/eo41/visual-recognition-memory/vqgan_pretrained_models/imagenet_16x16_16384.ckpt', num_workers=4, seed=0, save_dir='/scratch/eo41/visual-recognition-memory/gpt_pretrained_models', n_layer=24, n_head=16, n_embd=1024, vocab_size=16384, block_size=255, batch_size=96, print_freq=5000, lr=0.0003, optimizer='Adam', resume='', gpu=None, world_size=-1, rank=-1, dist_url='env://', dist_backend='nccl', local_rank=-1)
Namespace(data_path='/scratch/work/public/imagenet/train', vqconfig_path='/scratch/eo41/visual-recognition-memory/vqgan_pretrained_models/imagenet_16x16_16384.yaml', vqmodel_path='/scratch/eo41/visual-recognition-memory/vqgan_pretrained_models/imagenet_16x16_16384.ckpt', num_workers=4, seed=0, save_dir='/scratch/eo41/visual-recognition-memory/gpt_pretrained_models', n_layer=24, n_head=16, n_embd=1024, vocab_size=16384, block_size=255, batch_size=96, print_freq=5000, lr=0.0003, optimizer='Adam', resume='', gpu=None, world_size=-1, rank=-1, dist_url='env://', dist_backend='nccl', local_rank=-1)
Running on 4 GPUs total
model:
  base_learning_rate: 4.5e-06
  params:
    ddconfig:
      attn_resolutions:
      - 16
      ch: 128
      ch_mult:
      - 1
      - 1
      - 2
      - 2
      - 4
      double_z: false
      dropout: 0.0
      in_channels: 3
      num_res_blocks: 2
      out_ch: 3
      resolution: 256
      z_channels: 256
    embed_dim: 256
    lossconfig:
      params:
        codebook_weight: 1.0
        disc_conditional: false
        disc_in_channels: 3
        disc_num_layers: 2
        disc_start: 0
        disc_weight: 0.75
      target: vqloss.VQLPIPSWithDiscriminator
    monitor: val/rec_loss
    n_embed: 16384
  target: vqmodel.VQModel

Working with z of shape (1, 256, 16, 16) = 65536 dimensions.
loaded pretrained LPIPS loss from taming/modules/autoencoder/lpips/vgg.pth
VQLPIPSWithDiscriminator running with hinge loss.
Loaded VQ encoder.
Data loaded: dataset contains 1281167 images, and takes 3337 training iterations per epoch.
Number of parameters: 336126976
=> no checkpoint loaded, will train from scratch
/scratch/eo41/miniconda3/lib/python3.9/site-packages/torch/nn/_reduction.py:42: UserWarning: size_average and reduce args will be deprecated, please use reduction='none' instead.
  warnings.warn(warning.format(ret))
/scratch/eo41/miniconda3/lib/python3.9/site-packages/torch/nn/_reduction.py:42: UserWarning: size_average and reduce args will be deprecated, please use reduction='none' instead.
  warnings.warn(warning.format(ret))
/scratch/eo41/miniconda3/lib/python3.9/site-packages/torch/nn/_reduction.py:42: UserWarning: size_average and reduce args will be deprecated, please use reduction='none' instead.
  warnings.warn(warning.format(ret))
/scratch/eo41/miniconda3/lib/python3.9/site-packages/torch/nn/_reduction.py:42: UserWarning: size_average and reduce args will be deprecated, please use reduction='none' instead.
  warnings.warn(warning.format(ret))
Iteration: 0 | Training loss: 9.901618957519531
Saving model to: /scratch/eo41/visual-recognition-memory/gpt_pretrained_models/model_0_24l_16h_1024e_384b_0.0003lr_Adamo_0s.pt
Iteration: 5000 | Training loss: 6.009649162101746
Saving model to: /scratch/eo41/visual-recognition-memory/gpt_pretrained_models/model_5000_24l_16h_1024e_384b_0.0003lr_Adamo_0s.pt
Iteration: 10000 | Training loss: 5.7186447882652285
Saving model to: /scratch/eo41/visual-recognition-memory/gpt_pretrained_models/model_10000_24l_16h_1024e_384b_0.0003lr_Adamo_0s.pt
Iteration: 15000 | Training loss: 5.653225911235809
Saving model to: /scratch/eo41/visual-recognition-memory/gpt_pretrained_models/model_15000_24l_16h_1024e_384b_0.0003lr_Adamo_0s.pt
Iteration: 20000 | Training loss: 5.6132972985267635
Saving model to: /scratch/eo41/visual-recognition-memory/gpt_pretrained_models/model_20000_24l_16h_1024e_384b_0.0003lr_Adamo_0s.pt
Iteration: 25000 | Training loss: 5.586068122196197
Saving model to: /scratch/eo41/visual-recognition-memory/gpt_pretrained_models/model_25000_24l_16h_1024e_384b_0.0003lr_Adamo_0s.pt
Iteration: 30000 | Training loss: 5.565024827671051
Saving model to: /scratch/eo41/visual-recognition-memory/gpt_pretrained_models/model_30000_24l_16h_1024e_384b_0.0003lr_Adamo_0s.pt
Iteration: 35000 | Training loss: 5.5482177074432375
Saving model to: /scratch/eo41/visual-recognition-memory/gpt_pretrained_models/model_35000_24l_16h_1024e_384b_0.0003lr_Adamo_0s.pt
Iteration: 40000 | Training loss: 5.533605150127411
Saving model to: /scratch/eo41/visual-recognition-memory/gpt_pretrained_models/model_40000_24l_16h_1024e_384b_0.0003lr_Adamo_0s.pt
Iteration: 45000 | Training loss: 5.5216394953727725
Saving model to: /scratch/eo41/visual-recognition-memory/gpt_pretrained_models/model_45000_24l_16h_1024e_384b_0.0003lr_Adamo_0s.pt
Iteration: 50000 | Training loss: 5.510953283309936
Saving model to: /scratch/eo41/visual-recognition-memory/gpt_pretrained_models/model_50000_24l_16h_1024e_384b_0.0003lr_Adamo_0s.pt
Iteration: 55000 | Training loss: 5.501709107303619
Saving model to: /scratch/eo41/visual-recognition-memory/gpt_pretrained_models/model_55000_24l_16h_1024e_384b_0.0003lr_Adamo_0s.pt
Iteration: 60000 | Training loss: 5.493290829086304
Saving model to: /scratch/eo41/visual-recognition-memory/gpt_pretrained_models/model_60000_24l_16h_1024e_384b_0.0003lr_Adamo_0s.pt
Iteration: 65000 | Training loss: 5.486379365921021
Saving model to: /scratch/eo41/visual-recognition-memory/gpt_pretrained_models/model_65000_24l_16h_1024e_384b_0.0003lr_Adamo_0s.pt
Iteration: 70000 | Training loss: 5.478829163074494
Saving model to: /scratch/eo41/visual-recognition-memory/gpt_pretrained_models/model_70000_24l_16h_1024e_384b_0.0003lr_Adamo_0s.pt
Iteration: 75000 | Training loss: 5.472964669418335
Saving model to: /scratch/eo41/visual-recognition-memory/gpt_pretrained_models/model_75000_24l_16h_1024e_384b_0.0003lr_Adamo_0s.pt
Iteration: 80000 | Training loss: 5.467066688346863
Saving model to: /scratch/eo41/visual-recognition-memory/gpt_pretrained_models/model_80000_24l_16h_1024e_384b_0.0003lr_Adamo_0s.pt
Iteration: 85000 | Training loss: 5.461823182868957
Saving model to: /scratch/eo41/visual-recognition-memory/gpt_pretrained_models/model_85000_24l_16h_1024e_384b_0.0003lr_Adamo_0s.pt
Iteration: 90000 | Training loss: 5.456314885425567
Saving model to: /scratch/eo41/visual-recognition-memory/gpt_pretrained_models/model_90000_24l_16h_1024e_384b_0.0003lr_Adamo_0s.pt
Iteration: 95000 | Training loss: 5.45175992937088
Saving model to: /scratch/eo41/visual-recognition-memory/gpt_pretrained_models/model_95000_24l_16h_1024e_384b_0.0003lr_Adamo_0s.pt
Iteration: 100000 | Training loss: 5.447417186641693
Saving model to: /scratch/eo41/visual-recognition-memory/gpt_pretrained_models/model_100000_24l_16h_1024e_384b_0.0003lr_Adamo_0s.pt
Iteration: 105000 | Training loss: 5.443656588935852
Saving model to: /scratch/eo41/visual-recognition-memory/gpt_pretrained_models/model_105000_24l_16h_1024e_384b_0.0003lr_Adamo_0s.pt
Iteration: 110000 | Training loss: 5.43942682723999
Saving model to: /scratch/eo41/visual-recognition-memory/gpt_pretrained_models/model_110000_24l_16h_1024e_384b_0.0003lr_Adamo_0s.pt
Iteration: 115000 | Training loss: 5.435893166828156
Saving model to: /scratch/eo41/visual-recognition-memory/gpt_pretrained_models/model_115000_24l_16h_1024e_384b_0.0003lr_Adamo_0s.pt
Iteration: 120000 | Training loss: 5.4320818465232845
Saving model to: /scratch/eo41/visual-recognition-memory/gpt_pretrained_models/model_120000_24l_16h_1024e_384b_0.0003lr_Adamo_0s.pt
Iteration: 125000 | Training loss: 5.429040673828125
Saving model to: /scratch/eo41/visual-recognition-memory/gpt_pretrained_models/model_125000_24l_16h_1024e_384b_0.0003lr_Adamo_0s.pt
Iteration: 130000 | Training loss: 5.425425125217438
Saving model to: /scratch/eo41/visual-recognition-memory/gpt_pretrained_models/model_130000_24l_16h_1024e_384b_0.0003lr_Adamo_0s.pt
Iteration: 135000 | Training loss: 5.4228457237243655
Saving model to: /scratch/eo41/visual-recognition-memory/gpt_pretrained_models/model_135000_24l_16h_1024e_384b_0.0003lr_Adamo_0s.pt
Iteration: 140000 | Training loss: 5.419044002532959
Saving model to: /scratch/eo41/visual-recognition-memory/gpt_pretrained_models/model_140000_24l_16h_1024e_384b_0.0003lr_Adamo_0s.pt
Iteration: 145000 | Training loss: 5.416923920536041
Saving model to: /scratch/eo41/visual-recognition-memory/gpt_pretrained_models/model_145000_24l_16h_1024e_384b_0.0003lr_Adamo_0s.pt
slurmstepd: error: *** JOB 24457179 ON ga005 CANCELLED AT 2022-09-06T23:52:54 DUE TO TIME LIMIT ***
slurmstepd: error: *** STEP 24457179.0 ON ga005 CANCELLED AT 2022-09-06T23:52:54 DUE TO TIME LIMIT ***
srun: Job step aborted: Waiting up to 32 seconds for job step to finish.
